// 重构日志: a21a864d
// 重构日志: a80c8e5e
// 重构日志: 065af459
// 重构日志: 9128306e
// 重构日志: ca246d7c
// 同步 ID: 0e0a5efb @ Wed Jul  1 11:13:51 UTC 2026
// 重构日志: d7cf52e0
// 重构日志: 72166602
// 同步 ID: dd0139f8 @ Wed Jul  8 22:24:25 UTC 2026
// 重构日志: a0dfa4c8
// 重构日志: 5298e70a
// 重构日志: ab7adfba
// 同步 ID: 2417582a @ Fri Jul 10 13:51:42 UTC 2026
// 重构日志: 0fad99ee
// 重构日志: 5db73043
// 重构日志: 6a11d60a
// 重构日志: 6de629d7
// 重构日志: 68d8407a
// 重构日志: 64584277
// 重构日志: 0521946c
// 同步 ID: 34409cb2 @ Sun Jul 12 15:44:15 UTC 2026
// 同步 ID: 57f7f386 @ Mon Jul 13 01:29:56 UTC 2026
// 重构日志: d66916de
// 同步 ID: 35513026 @ Mon Jul 13 17:44:23 UTC 2026
// 重构日志: 853e0246
// 重构日志: 3a07af54
// 重构日志: 085d946c
// 重构日志: 6b9f13a7
// 重构日志: 023a21f4
// 同步 ID: 981cbc40 @ Wed Jul 15 16:09:28 UTC 2026
// 重构日志: 5e0ee3a4
